<?xml version="1.0" encoding="UTF-8"?>
<!-- Generated by org.testng.reporters.JUnitReportReporter -->
<testsuite skipped="0" hostname="DESKTOP-6FUQGGU" name="runner.RunCucumberTest" tests="1" failures="0" timestamp="2020-11-05T11:54:10 IST" time="71.400" errors="0">
  <testcase name="runScenario" time="71.400" classname="runner.RunCucumberTest"/>
</testsuite> <!-- runner.RunCucumberTest -->
