<?xml version="1.0" encoding="UTF-8"?>
<!-- Generated by org.testng.reporters.JUnitReportReporter -->
<testsuite skipped="1" hostname="DESKTOP-6FUQGGU" name="new_testng_script.EditAccount" tests="1" failures="0" timestamp="2020-10-25T16:50:25 IST" time="0.000" errors="0">
  <testcase name="runEditAccount" time="0.000" classname="new_testng_script.EditAccount">
    <skipped/>
  </testcase> <!-- runEditAccount -->
</testsuite> <!-- new_testng_script.EditAccount -->
