<?xml version="1.0" encoding="UTF-8"?>
<!-- Generated by org.testng.reporters.JUnitReportReporter -->
<testsuite skipped="0" hostname="DESKTOP-6FUQGGU" name="new_testng_script.CreateAccount" tests="2" failures="0" timestamp="2020-10-26T18:19:02 IST" time="56.181" errors="0">
  <testcase name="runCreateAccount" time="31.447" classname="new_testng_script.CreateAccount"/>
  <testcase name="runCreateAccount" time="24.734" classname="new_testng_script.CreateAccount"/>
</testsuite> <!-- new_testng_script.CreateAccount -->
