<?xml version="1.0" encoding="UTF-8"?>
<!-- Generated by org.testng.reporters.JUnitReportReporter -->
<testsuite skipped="0" hostname="DESKTOP-6FUQGGU" name="testng_script.SF20_CreateAccount" tests="2" failures="0" timestamp="2020-10-24T22:23:22 IST" time="96.438" errors="0">
  <testcase name="testcase" time="34.130" classname="testng_script.SF20_CreateAccount"/>
  <testcase name="testcase" time="62.308" classname="testng_script.SF20_CreateAccount"/>
</testsuite> <!-- testng_script.SF20_CreateAccount -->
