<?xml version="1.0" encoding="UTF-8"?>
<!-- Generated by org.testng.reporters.JUnitReportReporter -->
<testsuite skipped="0" hostname="DESKTOP-6FUQGGU" name="new_testng_script.DeletAccount" tests="2" failures="0" timestamp="2020-10-26T18:19:02 IST" time="68.523" errors="0">
  <testcase name="runEditAccount" time="34.605" classname="new_testng_script.DeletAccount"/>
  <testcase name="runEditAccount" time="33.918" classname="new_testng_script.DeletAccount"/>
</testsuite> <!-- new_testng_script.DeletAccount -->
